<?xml version="1.0" encoding="UTF-8" ?>
<testsuite tests="8" failures="0" name="com.luxoft.second.ElementTest" time="0" errors="0" skipped="0">
  <properties>
[...]
</properties>
  <testcase classname="com.luxoft.second.ElementTest" name="getDistinctByNumAndAge_must_return_collection_with_one_element_only" time="0"/>
  <testcase classname="com.luxoft.second.ElementTest" name="getDistinctByNumAndAge_must_return_empty_collection_when_argument_is_empty" time="0"/>
  <testcase classname="com.luxoft.second.ElementTest" name="constructor_must_throw_exception_if_age_is_negative" time="0"/>
  <testcase classname="com.luxoft.second.ElementTest" name="getDistinctByNumAndAge_must_return_empty_collection_when_elements_do_not_match_criterion" time="0"/>
  <testcase classname="com.luxoft.second.ElementTest" name="getDistinctByNumAndAge_must_throw_exception" time="0"/>
  <testcase classname="com.luxoft.second.ElementTest" name="constructor_must_throw_exception_if_num_is_negative" time="0"/>
  <testcase classname="com.luxoft.second.ElementTest" name="constructor_must_throw_exception_if_name_is_null" time="0"/>
  <testcase classname="com.luxoft.second.ElementTest" name="getDistinctByNumAndAge_must_return_collection_with_elements_by_unique_num_and_criterion" time="0"/>
</testsuite>